[    12.180] (--) Log file renamed from "/home/lab/.local/share/xorg/Xorg.pid-1386.log" to "/home/lab/.local/share/xorg/Xorg.0.log"
[    12.181] 
X.Org X Server 1.20.8
X Protocol Version 11, Revision 0
[    12.182] Build Operating System: Linux 4.15.0-140-generic x86_64 Ubuntu
[    12.182] Current Operating System: Linux cs120blab 5.4.0-72-generic #80~18.04.1-Ubuntu SMP Mon Apr 12 23:26:25 UTC 2021 x86_64
[    12.182] Kernel command line: BOOT_IMAGE=/boot/vmlinuz-5.4.0-72-generic root=UUID=a23b533d-df55-4a30-89ab-39bd52689107 ro quiet splash
[    12.182] Build Date: 08 April 2021  01:40:27PM
[    12.182] xorg-server-hwe-18.04 2:1.20.8-2ubuntu2.2~18.04.5 (For technical support please see http://www.ubuntu.com/support) 
[    12.182] Current version of pixman: 0.34.0
[    12.182] 	Before reporting problems, check http://wiki.x.org
	to make sure that you have the latest version.
[    12.182] Markers: (--) probed, (**) from config file, (==) default setting,
	(++) from command line, (!!) notice, (II) informational,
	(WW) warning, (EE) error, (NI) not implemented, (??) unknown.
[    12.182] (==) Log file: "/home/lab/.local/share/xorg/Xorg.0.log", Time: Sun Apr 18 19:07:24 2021
[    12.183] (==) Using system config directory "/usr/share/X11/xorg.conf.d"
[    12.184] (==) No Layout section.  Using the first Screen section.
[    12.184] (==) No screen section available. Using defaults.
[    12.184] (**) |-->Screen "Default Screen Section" (0)
[    12.184] (**) |   |-->Monitor "<default monitor>"
[    12.184] (==) No monitor specified for screen "Default Screen Section".
	Using a default monitor configuration.
[    12.184] (==) Automatically adding devices
[    12.185] (==) Automatically enabling devices
[    12.185] (==) Automatically adding GPU devices
[    12.185] (==) Automatically binding GPU devices
[    12.185] (==) Max clients allowed: 256, resource mask: 0x1fffff
[    12.185] (WW) The directory "/usr/share/fonts/X11/cyrillic" does not exist.
[    12.185] 	Entry deleted from font path.
[    12.185] (WW) The directory "/usr/share/fonts/X11/100dpi/" does not exist.
[    12.185] 	Entry deleted from font path.
[    12.185] (WW) The directory "/usr/share/fonts/X11/75dpi/" does not exist.
[    12.185] 	Entry deleted from font path.
[    12.186] (WW) The directory "/usr/share/fonts/X11/100dpi" does not exist.
[    12.186] 	Entry deleted from font path.
[    12.186] (WW) The directory "/usr/share/fonts/X11/75dpi" does not exist.
[    12.186] 	Entry deleted from font path.
[    12.186] (==) FontPath set to:
	/usr/share/fonts/X11/misc,
	/usr/share/fonts/X11/Type1,
	built-ins
[    12.186] (==) ModulePath set to "/usr/lib/xorg/modules"
[    12.186] (II) The server relies on udev to provide the list of input devices.
	If no devices become available, reconfigure udev or disable AutoAddDevices.
[    12.186] (II) Loader magic: 0x55d1382b6020
[    12.186] (II) Module ABI versions:
[    12.186] 	X.Org ANSI C Emulation: 0.4
[    12.186] 	X.Org Video Driver: 24.1
[    12.186] 	X.Org XInput driver : 24.1
[    12.186] 	X.Org Server Extension : 10.0
[    12.187] (++) using VT number 1

[    12.188] (II) systemd-logind: took control of session /org/freedesktop/login1/session/_31
[    12.189] (II) xfree86: Adding drm device (/dev/dri/card0)
[    12.190] (II) systemd-logind: got fd for /dev/dri/card0 226:0 fd 12 paused 0
[    12.191] (--) PCI:*(0@0:2:0) 15ad:0405:15ad:0405 rev 0, Mem @ 0xe0000000/16777216, 0xf0000000/2097152, I/O @ 0x0000d010/16, BIOS @ 0x????????/131072
[    12.191] (II) LoadModule: "glx"
[    12.191] (II) Loading /usr/lib/xorg/modules/extensions/libglx.so
[    12.197] (II) Module glx: vendor="X.Org Foundation"
[    12.197] 	compiled for 1.20.8, module version = 1.0.0
[    12.197] 	ABI class: X.Org Server Extension, version 10.0
[    12.197] (==) Matched vmware as autoconfigured driver 0
[    12.197] (==) Matched modesetting as autoconfigured driver 1
[    12.197] (==) Matched fbdev as autoconfigured driver 2
[    12.197] (==) Matched vesa as autoconfigured driver 3
[    12.197] (==) Assigned the driver to the xf86ConfigLayout
[    12.197] (II) LoadModule: "vmware"
[    12.198] (II) Loading /usr/lib/xorg/modules/drivers/vmware_drv.so
[    12.256] (II) Module vmware: vendor="X.Org Foundation"
[    12.256] 	compiled for 1.20.1, module version = 13.3.0
[    12.256] 	Module class: X.Org Video Driver
[    12.256] 	ABI class: X.Org Video Driver, version 24.0
[    12.256] (II) LoadModule: "modesetting"
[    12.257] (II) Loading /usr/lib/xorg/modules/drivers/modesetting_drv.so
[    12.257] (II) Module modesetting: vendor="X.Org Foundation"
[    12.258] 	compiled for 1.20.8, module version = 1.20.8
[    12.258] 	Module class: X.Org Video Driver
[    12.258] 	ABI class: X.Org Video Driver, version 24.1
[    12.258] (II) LoadModule: "fbdev"
[    12.258] (II) Loading /usr/lib/xorg/modules/drivers/fbdev_drv.so
[    12.258] (II) Module fbdev: vendor="X.Org Foundation"
[    12.258] 	compiled for 1.20.1, module version = 0.5.0
[    12.259] 	Module class: X.Org Video Driver
[    12.259] 	ABI class: X.Org Video Driver, version 24.0
[    12.259] (II) LoadModule: "vesa"
[    12.259] (II) Loading /usr/lib/xorg/modules/drivers/vesa_drv.so
[    12.260] (II) Module vesa: vendor="X.Org Foundation"
[    12.260] 	compiled for 1.20.1, module version = 2.4.0
[    12.260] 	Module class: X.Org Video Driver
[    12.260] 	ABI class: X.Org Video Driver, version 24.0
[    12.260] (II) vmware: driver for VMware SVGA: vmware0405, vmware0710
[    12.260] (II) modesetting: Driver for Modesetting Kernel Drivers: kms
[    12.260] (II) FBDEV: driver for framebuffer: fbdev
[    12.260] (II) VESA: driver for VESA chipsets: vesa
[    12.260] xf86EnableIOPorts: failed to set IOPL for I/O (Operation not permitted)
[    12.260] (WW) Falling back to old probe method for modesetting
[    12.260] (WW) Falling back to old probe method for fbdev
[    12.261] (II) Loading sub module "fbdevhw"
[    12.261] (II) LoadModule: "fbdevhw"
[    12.261] (II) Loading /usr/lib/xorg/modules/libfbdevhw.so
[    12.261] (II) Module fbdevhw: vendor="X.Org Foundation"
[    12.261] 	compiled for 1.20.8, module version = 0.0.2
[    12.261] 	ABI class: X.Org Video Driver, version 24.1
[    12.261] (EE) open /dev/fb0: Permission denied
[    12.261] (WW) VGA arbiter: cannot open kernel arbiter, no multi-card support
[    12.261] (II) vmware(0): Creating default Display subsection in Screen section
	"Default Screen Section" for depth/fbbpp 24/32
[    12.262] (--) vmware(0): DRM driver version is 2.15.0
[    12.262] (==) vmware(0): Depth 24, (--) framebuffer bpp 32
[    12.262] (==) vmware(0): RGB weight 888
[    12.262] (==) vmware(0): Default visual is TrueColor
[    12.262] (--) vmware(0): Min width 1, Max Width 8192.
[    12.262] (--) vmware(0): Min height 1, Max Height 8192.
[    12.262] (II) vmware(0): Output Virtual1 has no monitor section
[    12.262] (II) vmware(0): Output Virtual2 has no monitor section
[    12.262] (II) vmware(0): Output Virtual3 has no monitor section
[    12.262] (II) vmware(0): Output Virtual4 has no monitor section
[    12.262] (II) vmware(0): Output Virtual5 has no monitor section
[    12.262] (II) vmware(0): Output Virtual6 has no monitor section
[    12.262] (II) vmware(0): Output Virtual7 has no monitor section
[    12.262] (II) vmware(0): Output Virtual8 has no monitor section
[    12.263] (II) vmware(0): Printing probed modes for output Virtual1
[    12.263] (II) vmware(0): Modeline "800x600"x60.0   42.75  800 850 900 950  600 650 700 750 -hsync +vsync (45.0 kHz eP)
[    12.263] (II) vmware(0): Modeline "2560x1600"x60.0  348.50  2560 2752 3032 3504  1600 1603 1609 1658 -hsync +vsync (99.5 kHz e)
[    12.263] (II) vmware(0): Modeline "1920x1440"x60.0  234.00  1920 2048 2256 2600  1440 1441 1444 1500 -hsync +vsync (90.0 kHz e)
[    12.263] (II) vmware(0): Modeline "1856x1392"x60.0  218.25  1856 1952 2176 2528  1392 1393 1396 1439 -hsync +vsync (86.3 kHz e)
[    12.263] (II) vmware(0): Modeline "1792x1344"x60.0  204.75  1792 1920 2120 2448  1344 1345 1348 1394 -hsync +vsync (83.6 kHz e)
[    12.263] (II) vmware(0): Modeline "1920x1200"x59.9  193.25  1920 2056 2256 2592  1200 1203 1209 1245 -hsync +vsync (74.6 kHz e)
[    12.263] (II) vmware(0): Modeline "1600x1200"x60.0  162.00  1600 1664 1856 2160  1200 1201 1204 1250 +hsync +vsync (75.0 kHz e)
[    12.263] (II) vmware(0): Modeline "1680x1050"x60.0  146.25  1680 1784 1960 2240  1050 1053 1059 1089 -hsync +vsync (65.3 kHz e)
[    12.263] (II) vmware(0): Modeline "1400x1050"x60.0  121.75  1400 1488 1632 1864  1050 1053 1057 1089 -hsync +vsync (65.3 kHz e)
[    12.263] (II) vmware(0): Modeline "1280x1024"x60.0  108.00  1280 1328 1440 1688  1024 1025 1028 1066 +hsync +vsync (64.0 kHz e)
[    12.263] (II) vmware(0): Modeline "1440x900"x59.9  106.50  1440 1520 1672 1904  900 903 909 934 -hsync +vsync (55.9 kHz e)
[    12.263] (II) vmware(0): Modeline "1280x960"x60.0  108.00  1280 1376 1488 1800  960 961 964 1000 +hsync +vsync (60.0 kHz e)
[    12.263] (II) vmware(0): Modeline "1360x768"x60.0   85.50  1360 1424 1536 1792  768 771 777 795 +hsync +vsync (47.7 kHz e)
[    12.263] (II) vmware(0): Modeline "1280x800"x59.8   83.50  1280 1352 1480 1680  800 803 809 831 +hsync -vsync (49.7 kHz e)
[    12.263] (II) vmware(0): Modeline "1152x864"x75.0  108.00  1152 1216 1344 1600  864 865 868 900 +hsync +vsync (67.5 kHz e)
[    12.264] (II) vmware(0): Modeline "1280x768"x59.9   79.50  1280 1344 1472 1664  768 771 778 798 -hsync +vsync (47.8 kHz e)
[    12.264] (II) vmware(0): Modeline "1024x768"x60.0   65.00  1024 1048 1184 1344  768 771 777 806 -hsync -vsync (48.4 kHz e)
[    12.264] (II) vmware(0): Modeline "800x600"x60.3   40.00  800 840 968 1056  600 601 605 628 +hsync +vsync (37.9 kHz e)
[    12.264] (II) vmware(0): Modeline "640x480"x59.9   25.18  640 656 752 800  480 489 492 525 -hsync -vsync (31.5 kHz e)
[    12.264] (II) vmware(0): EDID for output Virtual2
[    12.264] (II) vmware(0): EDID for output Virtual3
[    12.264] (II) vmware(0): EDID for output Virtual4
[    12.264] (II) vmware(0): EDID for output Virtual5
[    12.264] (II) vmware(0): EDID for output Virtual6
[    12.264] (II) vmware(0): EDID for output Virtual7
[    12.264] (II) vmware(0): EDID for output Virtual8
[    12.264] (II) vmware(0): Output Virtual1 connected
[    12.264] (II) vmware(0): Output Virtual2 disconnected
[    12.264] (II) vmware(0): Output Virtual3 disconnected
[    12.264] (II) vmware(0): Output Virtual4 disconnected
[    12.264] (II) vmware(0): Output Virtual5 disconnected
[    12.264] (II) vmware(0): Output Virtual6 disconnected
[    12.265] (II) vmware(0): Output Virtual7 disconnected
[    12.265] (II) vmware(0): Output Virtual8 disconnected
[    12.265] (II) vmware(0): Using exact sizes for initial modes
[    12.265] (II) vmware(0): Output Virtual1 using initial mode 800x600 +0+0
[    12.265] (==) vmware(0): DPI set to (96, 96)
[    12.265] (==) vmware(0): Using gamma correction (1.0, 1.0, 1.0)
[    12.265] (II) Loading sub module "fb"
[    12.265] (II) LoadModule: "fb"
[    12.265] (II) Loading /usr/lib/xorg/modules/libfb.so
[    12.266] (II) Module fb: vendor="X.Org Foundation"
[    12.266] 	compiled for 1.20.8, module version = 1.0.0
[    12.266] 	ABI class: X.Org ANSI C Emulation, version 0.4
[    12.266] (II) Loading sub module "dri2"
[    12.266] (II) LoadModule: "dri2"
[    12.266] (II) Module "dri2" already built-in
[    12.266] (II) Loading sub module "dri3"
[    12.266] (II) LoadModule: "dri3"
[    12.266] (II) Module "dri3" already built-in
[    12.266] (II) UnloadModule: "modesetting"
[    12.266] (II) Unloading modesetting
[    12.266] (II) UnloadModule: "fbdev"
[    12.266] (II) Unloading fbdev
[    12.267] (II) UnloadSubModule: "fbdevhw"
[    12.267] (II) Unloading fbdevhw
[    12.267] (II) UnloadModule: "vesa"
[    12.267] (II) Unloading vesa
[    12.268] (II) vmware(0): Initialized VMWARE_CTRL extension version 0.2
[    12.272] (WW) vmware(0): Failed to initialize Gallium3D Xa. No render acceleration available.
[    12.272] (WW) vmware(0): Skipped initialization of direct rendering due to lack of render acceleration.
[    12.272] (--) vmware(0): Render acceleration is disabled.
[    12.272] (==) vmware(0): Rendercheck mode is disabled.
[    12.272] (--) vmware(0): Direct rendering (DRI2 3D) is disabled.
[    12.272] (--) vmware(0): Direct rendering (DRI3 3D) is disabled.
[    12.272] (==) vmware(0): Backing store enabled
[    12.272] (==) vmware(0): Silken mouse enabled
[    12.273] (==) vmware(0): DPMS enabled
[    12.273] (II) vmware(0): No 3D acceleration. Not setting up textured video.
[    12.273] (WW) vmware(0): Disabling Xv because no adaptors could be initialized.
[    12.274] (II) Initializing extension Generic Event Extension
[    12.274] (II) Initializing extension SHAPE
[    12.274] (II) Initializing extension MIT-SHM
[    12.274] (II) Initializing extension XInputExtension
[    12.274] (II) Initializing extension XTEST
[    12.275] (II) Initializing extension BIG-REQUESTS
[    12.275] (II) Initializing extension SYNC
[    12.275] (II) Initializing extension XKEYBOARD
[    12.275] (II) Initializing extension XC-MISC
[    12.275] (II) Initializing extension SECURITY
[    12.275] (II) Initializing extension XFIXES
[    12.275] (II) Initializing extension RENDER
[    12.275] (II) Initializing extension RANDR
[    12.276] (II) Initializing extension COMPOSITE
[    12.276] (II) Initializing extension DAMAGE
[    12.276] (II) Initializing extension MIT-SCREEN-SAVER
[    12.276] (II) Initializing extension DOUBLE-BUFFER
[    12.276] (II) Initializing extension RECORD
[    12.277] (II) Initializing extension DPMS
[    12.277] (II) Initializing extension Present
[    12.277] (II) Initializing extension DRI3
[    12.277] (II) Initializing extension X-Resource
[    12.277] (II) Initializing extension XVideo
[    12.277] (II) Initializing extension XVideo-MotionCompensation
[    12.277] (II) Initializing extension SELinux
[    12.277] (II) SELinux: Disabled on system
[    12.277] (II) Initializing extension GLX
[    12.277] (II) AIGLX: Screen 0 is not DRI2 capable
[    12.304] (II) IGLX: Loaded and initialized swrast
[    12.304] (II) GLX: Initialized DRISWRAST GL provider for screen 0
[    12.304] (II) Initializing extension XFree86-VidModeExtension
[    12.304] (II) Initializing extension XFree86-DGA
[    12.304] (II) Initializing extension XFree86-DRI
[    12.304] (II) Initializing extension DRI2
[    12.307] (II) vmware(0): Setting screen physical size to 211 x 158
[    12.342] (II) config/udev: Adding input device Power Button (/dev/input/event0)
[    12.343] (**) Power Button: Applying InputClass "libinput keyboard catchall"
[    12.343] (II) LoadModule: "libinput"
[    12.343] (II) Loading /usr/lib/xorg/modules/input/libinput_drv.so
[    12.346] (II) Module libinput: vendor="X.Org Foundation"
[    12.346] 	compiled for 1.20.1, module version = 0.28.1
[    12.346] 	Module class: X.Org XInput Driver
[    12.346] 	ABI class: X.Org XInput driver, version 24.1
[    12.346] (II) Using input driver 'libinput' for 'Power Button'
[    12.348] (II) systemd-logind: got fd for /dev/input/event0 13:64 fd 20 paused 0
[    12.348] (**) Power Button: always reports core events
[    12.348] (**) Option "Device" "/dev/input/event0"
[    12.348] (**) Option "_source" "server/udev"
[    12.348] (II) event0  - Power Button: is tagged by udev as: Keyboard
[    12.348] (II) event0  - Power Button: device is a keyboard
[    12.348] (II) event0  - Power Button: device removed
[    12.349] (**) Option "config_info" "udev:/sys/devices/LNXSYSTM:00/LNXPWRBN:00/input/input0/event0"
[    12.349] (II) XINPUT: Adding extended input device "Power Button" (type: KEYBOARD, id 6)
[    12.349] (**) Option "xkb_model" "pc105"
[    12.349] (**) Option "xkb_layout" "us"
[    12.349] (II) event0  - Power Button: is tagged by udev as: Keyboard
[    12.349] (II) event0  - Power Button: device is a keyboard
[    12.350] (II) config/udev: Adding input device Sleep Button (/dev/input/event1)
[    12.350] (**) Sleep Button: Applying InputClass "libinput keyboard catchall"
[    12.350] (II) Using input driver 'libinput' for 'Sleep Button'
[    12.351] (II) systemd-logind: got fd for /dev/input/event1 13:65 fd 23 paused 0
[    12.351] (**) Sleep Button: always reports core events
[    12.351] (**) Option "Device" "/dev/input/event1"
[    12.351] (**) Option "_source" "server/udev"
[    12.351] (II) event1  - Sleep Button: is tagged by udev as: Keyboard
[    12.351] (II) event1  - Sleep Button: device is a keyboard
[    12.352] (II) event1  - Sleep Button: device removed
[    12.352] (**) Option "config_info" "udev:/sys/devices/LNXSYSTM:00/LNXSLPBN:00/input/input1/event1"
[    12.352] (II) XINPUT: Adding extended input device "Sleep Button" (type: KEYBOARD, id 7)
[    12.352] (**) Option "xkb_model" "pc105"
[    12.352] (**) Option "xkb_layout" "us"
[    12.352] (II) event1  - Sleep Button: is tagged by udev as: Keyboard
[    12.352] (II) event1  - Sleep Button: device is a keyboard
[    12.353] (II) config/udev: Adding input device Video Bus (/dev/input/event3)
[    12.353] (**) Video Bus: Applying InputClass "libinput keyboard catchall"
[    12.353] (II) Using input driver 'libinput' for 'Video Bus'
[    12.354] (II) systemd-logind: got fd for /dev/input/event3 13:67 fd 24 paused 0
[    12.354] (**) Video Bus: always reports core events
[    12.354] (**) Option "Device" "/dev/input/event3"
[    12.354] (**) Option "_source" "server/udev"
[    12.354] (II) event3  - Video Bus: is tagged by udev as: Keyboard
[    12.354] (II) event3  - Video Bus: device is a keyboard
[    12.354] (II) event3  - Video Bus: device removed
[    12.354] (**) Option "config_info" "udev:/sys/devices/LNXSYSTM:00/LNXSYBUS:00/PNP0A03:00/LNXVIDEO:00/input/input4/event3"
[    12.355] (II) XINPUT: Adding extended input device "Video Bus" (type: KEYBOARD, id 8)
[    12.355] (**) Option "xkb_model" "pc105"
[    12.355] (**) Option "xkb_layout" "us"
[    12.355] (II) event3  - Video Bus: is tagged by udev as: Keyboard
[    12.355] (II) event3  - Video Bus: device is a keyboard
[    12.355] (II) config/udev: Adding input device VirtualBox mouse integration (/dev/input/event6)
[    12.355] (**) VirtualBox mouse integration: Applying InputClass "libinput pointer catchall"
[    12.355] (II) Using input driver 'libinput' for 'VirtualBox mouse integration'
[    12.357] (II) systemd-logind: got fd for /dev/input/event6 13:70 fd 25 paused 0
[    12.357] (**) VirtualBox mouse integration: always reports core events
[    12.357] (**) Option "Device" "/dev/input/event6"
[    12.357] (**) Option "_source" "server/udev"
[    12.357] (II) event6  - VirtualBox mouse integration: is tagged by udev as: Mouse
[    12.357] (II) event6  - VirtualBox mouse integration: device is a pointer
[    12.357] (II) event6  - VirtualBox mouse integration: device removed
[    12.357] (**) Option "config_info" "udev:/sys/devices/pci0000:00/0000:00:04.0/input/input7/event6"
[    12.357] (II) XINPUT: Adding extended input device "VirtualBox mouse integration" (type: MOUSE, id 9)
[    12.357] (**) Option "AccelerationScheme" "none"
[    12.358] (**) VirtualBox mouse integration: (accel) selected scheme none/0
[    12.358] (**) VirtualBox mouse integration: (accel) acceleration factor: 2.000
[    12.358] (**) VirtualBox mouse integration: (accel) acceleration threshold: 4
[    12.358] (II) event6  - VirtualBox mouse integration: is tagged by udev as: Mouse
[    12.358] (II) event6  - VirtualBox mouse integration: device is a pointer
[    12.358] (II) config/udev: Adding input device VirtualBox mouse integration (/dev/input/js1)
[    12.358] (II) No input driver specified, ignoring this device.
[    12.358] (II) This device may have been added with another device file.
[    12.359] (II) config/udev: Adding input device VirtualBox USB Tablet (/dev/input/event5)
[    12.359] (**) VirtualBox USB Tablet: Applying InputClass "libinput pointer catchall"
[    12.359] (II) Using input driver 'libinput' for 'VirtualBox USB Tablet'
[    12.417] (II) systemd-logind: got fd for /dev/input/event5 13:69 fd 26 paused 0
[    12.417] (**) VirtualBox USB Tablet: always reports core events
[    12.417] (**) Option "Device" "/dev/input/event5"
[    12.417] (**) Option "_source" "server/udev"
[    12.418] (II) event5  - VirtualBox USB Tablet: is tagged by udev as: Mouse
[    12.418] (II) event5  - VirtualBox USB Tablet: device is a pointer
[    12.418] (II) event5  - VirtualBox USB Tablet: device removed
[    12.418] (**) Option "config_info" "udev:/sys/devices/pci0000:00/0000:00:06.0/usb1/1-1/1-1:1.0/0003:80EE:0021.0001/input/input6/event5"
[    12.418] (II) XINPUT: Adding extended input device "VirtualBox USB Tablet" (type: MOUSE, id 10)
[    12.418] (**) Option "AccelerationScheme" "none"
[    12.418] (**) VirtualBox USB Tablet: (accel) selected scheme none/0
[    12.418] (**) VirtualBox USB Tablet: (accel) acceleration factor: 2.000
[    12.418] (**) VirtualBox USB Tablet: (accel) acceleration threshold: 4
[    12.419] (II) event5  - VirtualBox USB Tablet: is tagged by udev as: Mouse
[    12.419] (II) event5  - VirtualBox USB Tablet: device is a pointer
[    12.419] (II) config/udev: Adding input device VirtualBox USB Tablet (/dev/input/js0)
[    12.419] (II) No input driver specified, ignoring this device.
[    12.419] (II) This device may have been added with another device file.
[    12.420] (II) config/udev: Adding input device VirtualBox USB Tablet (/dev/input/mouse1)
[    12.420] (II) No input driver specified, ignoring this device.
[    12.420] (II) This device may have been added with another device file.
[    12.420] (II) config/udev: Adding input device AT Translated Set 2 keyboard (/dev/input/event2)
[    12.420] (**) AT Translated Set 2 keyboard: Applying InputClass "libinput keyboard catchall"
[    12.420] (II) Using input driver 'libinput' for 'AT Translated Set 2 keyboard'
[    12.421] (II) systemd-logind: got fd for /dev/input/event2 13:66 fd 27 paused 0
[    12.421] (**) AT Translated Set 2 keyboard: always reports core events
[    12.421] (**) Option "Device" "/dev/input/event2"
[    12.421] (**) Option "_source" "server/udev"
[    12.422] (II) event2  - AT Translated Set 2 keyboard: is tagged by udev as: Keyboard
[    12.422] (II) event2  - AT Translated Set 2 keyboard: device is a keyboard
[    12.422] (II) event2  - AT Translated Set 2 keyboard: device removed
[    12.422] (**) Option "config_info" "udev:/sys/devices/platform/i8042/serio0/input/input2/event2"
[    12.422] (II) XINPUT: Adding extended input device "AT Translated Set 2 keyboard" (type: KEYBOARD, id 11)
[    12.422] (**) Option "xkb_model" "pc105"
[    12.422] (**) Option "xkb_layout" "us"
[    12.423] (II) event2  - AT Translated Set 2 keyboard: is tagged by udev as: Keyboard
[    12.423] (II) event2  - AT Translated Set 2 keyboard: device is a keyboard
[    12.423] (II) config/udev: Adding input device ImExPS/2 Generic Explorer Mouse (/dev/input/event4)
[    12.423] (**) ImExPS/2 Generic Explorer Mouse: Applying InputClass "libinput pointer catchall"
[    12.423] (II) Using input driver 'libinput' for 'ImExPS/2 Generic Explorer Mouse'
[    12.428] (II) systemd-logind: got fd for /dev/input/event4 13:68 fd 28 paused 0
[    12.428] (**) ImExPS/2 Generic Explorer Mouse: always reports core events
[    12.428] (**) Option "Device" "/dev/input/event4"
[    12.428] (**) Option "_source" "server/udev"
[    12.428] (II) event4  - ImExPS/2 Generic Explorer Mouse: is tagged by udev as: Mouse
[    12.429] (II) event4  - ImExPS/2 Generic Explorer Mouse: device is a pointer
[    12.429] (II) event4  - ImExPS/2 Generic Explorer Mouse: device removed
[    12.429] (**) Option "config_info" "udev:/sys/devices/platform/i8042/serio1/input/input5/event4"
[    12.429] (II) XINPUT: Adding extended input device "ImExPS/2 Generic Explorer Mouse" (type: MOUSE, id 12)
[    12.430] (**) Option "AccelerationScheme" "none"
[    12.430] (**) ImExPS/2 Generic Explorer Mouse: (accel) selected scheme none/0
[    12.430] (**) ImExPS/2 Generic Explorer Mouse: (accel) acceleration factor: 2.000
[    12.430] (**) ImExPS/2 Generic Explorer Mouse: (accel) acceleration threshold: 4
[    12.430] (II) event4  - ImExPS/2 Generic Explorer Mouse: is tagged by udev as: Mouse
[    12.430] (II) event4  - ImExPS/2 Generic Explorer Mouse: device is a pointer
[    12.430] (II) config/udev: Adding input device ImExPS/2 Generic Explorer Mouse (/dev/input/mouse0)
[    12.430] (II) No input driver specified, ignoring this device.
[    12.430] (II) This device may have been added with another device file.
[    16.872] (EE) No surface to present from.
[    45.933] (EE) client bug: timer event4 debounce: offset negative (-284ms)
[    45.935] (EE) client bug: timer event4 debounce: offset negative (-170ms)
[    45.935] (EE) client bug: timer event4 debounce short: offset negative (-183ms)
[    58.813] (EE) No surface to present from.
[    58.828] (EE) No surface to present from.
[    59.545] (EE) No surface to present from.
[    59.569] (EE) No surface to present from.
